# HELP go_gc_duration_seconds A summary of the pause duration of garbage collection cycles.
# TYPE go_gc_duration_seconds summary
go_gc_duration_seconds{quantile="0"} 2.79e-05
go_gc_duration_seconds{quantile="0.25"} 2.79e-05
go_gc_duration_seconds{quantile="0.5"} 7.46e-05
go_gc_duration_seconds{quantile="0.75"} 0.0001234
go_gc_duration_seconds{quantile="1"} 0.0001234
go_gc_duration_seconds_sum 0.0002259
go_gc_duration_seconds_count 3
# HELP go_goroutines Number of goroutines that currently exist.
# TYPE go_goroutines gauge
go_goroutines 16
# HELP go_info Information about the Go environment.
# TYPE go_info gauge
go_info{version="go1.18.2"} 1
# HELP go_memstats_alloc_bytes Number of bytes allocated and still in use.
# TYPE go_memstats_alloc_bytes gauge
go_memstats_alloc_bytes 3.821152e+06
# HELP go_memstats_alloc_bytes_total Total number of bytes allocated, even if freed.
# TYPE go_memstats_alloc_bytes_total counter
go_memstats_alloc_bytes_total 7.282256e+06
# HELP go_memstats_buck_hash_sys_bytes Number of bytes used by the profiling bucket hash table.
# TYPE go_memstats_buck_hash_sys_bytes gauge
go_memstats_buck_hash_sys_bytes 5075
# HELP go_memstats_frees_total Total number of frees.
# TYPE go_memstats_frees_total counter
go_memstats_frees_total 7262
# HELP go_memstats_gc_sys_bytes Number of bytes used for garbage collection system metadata.
# TYPE go_memstats_gc_sys_bytes gauge
go_memstats_gc_sys_bytes 5.098312e+06
# HELP go_memstats_heap_alloc_bytes Number of heap bytes allocated and still in use.
# TYPE go_memstats_heap_alloc_bytes gauge
go_memstats_heap_alloc_bytes 3.821152e+06
# HELP go_memstats_heap_idle_bytes Number of heap bytes waiting to be used.
# TYPE go_memstats_heap_idle_bytes gauge
go_memstats_heap_idle_bytes 2.220032e+06
# HELP go_memstats_heap_inuse_bytes Number of heap bytes that are in use.
# TYPE go_memstats_heap_inuse_bytes gauge
go_memstats_heap_inuse_bytes 5.480448e+06
# HELP go_memstats_heap_objects Number of allocated objects.
# TYPE go_memstats_heap_objects gauge
go_memstats_heap_objects 19895
# HELP go_memstats_heap_released_bytes Number of heap bytes released to OS.
# TYPE go_memstats_heap_released_bytes gauge
go_memstats_heap_released_bytes 933888
# HELP go_memstats_heap_sys_bytes Number of heap bytes obtained from system.
# TYPE go_memstats_heap_sys_bytes gauge
go_memstats_heap_sys_bytes 7.70048e+06
# HELP go_memstats_last_gc_time_seconds Number of seconds since 1970 of last garbage collection.
# TYPE go_memstats_last_gc_time_seconds gauge
go_memstats_last_gc_time_seconds 1.67520905782674e+09
# HELP go_memstats_lookups_total Total number of pointer lookups.
# TYPE go_memstats_lookups_total counter
go_memstats_lookups_total 0
# HELP go_memstats_mallocs_total Total number of mallocs.
# TYPE go_memstats_mallocs_total counter
go_memstats_mallocs_total 27157
# HELP go_memstats_mcache_inuse_bytes Number of bytes in use by mcache structures.
# TYPE go_memstats_mcache_inuse_bytes gauge
go_memstats_mcache_inuse_bytes 9600
# HELP go_memstats_mcache_sys_bytes Number of bytes used for mcache structures obtained from system.
# TYPE go_memstats_mcache_sys_bytes gauge
go_memstats_mcache_sys_bytes 15600
# HELP go_memstats_mspan_inuse_bytes Number of bytes in use by mspan structures.
# TYPE go_memstats_mspan_inuse_bytes gauge
go_memstats_mspan_inuse_bytes 99008
# HELP go_memstats_mspan_sys_bytes Number of bytes used for mspan structures obtained from system.
# TYPE go_memstats_mspan_sys_bytes gauge
go_memstats_mspan_sys_bytes 114240
# HELP go_memstats_next_gc_bytes Number of heap bytes when next garbage collection will take place.
# TYPE go_memstats_next_gc_bytes gauge
go_memstats_next_gc_bytes 6.980592e+06
# HELP go_memstats_other_sys_bytes Number of bytes used for other system allocations.
# TYPE go_memstats_other_sys_bytes gauge
go_memstats_other_sys_bytes 2.060485e+06
# HELP go_memstats_stack_inuse_bytes Number of bytes in use by the stack allocator.
# TYPE go_memstats_stack_inuse_bytes gauge
go_memstats_stack_inuse_bytes 688128
# HELP go_memstats_stack_sys_bytes Number of bytes obtained from system for stack allocator.
# TYPE go_memstats_stack_sys_bytes gauge
go_memstats_stack_sys_bytes 688128
# HELP go_memstats_sys_bytes Number of bytes obtained from system.
# TYPE go_memstats_sys_bytes gauge
go_memstats_sys_bytes 1.568232e+07
# HELP go_threads Number of OS threads created.
# TYPE go_threads gauge
go_threads 11
# HELP grpc_client_handled_total Total number of RPCs completed by the client, regardless of success or failure.
# TYPE grpc_client_handled_total counter
grpc_client_handled_total{grpc_code="OK",grpc_method="Status",grpc_service="etcdserverpb.Maintenance",grpc_type="unary"} 1
# HELP grpc_client_msg_sent_total Total number of gRPC stream messages sent by the client.
# TYPE grpc_client_msg_sent_total counter
grpc_client_msg_sent_total{grpc_method="Status",grpc_service="etcdserverpb.Maintenance",grpc_type="unary"} 1
# HELP grpc_client_started_total Total number of RPCs started on the client.
# TYPE grpc_client_started_total counter
grpc_client_started_total{grpc_method="Status",grpc_service="etcdserverpb.Maintenance",grpc_type="unary"} 1
# HELP pd_client_cmd_handle_cmds_duration_seconds Bucketed histogram of processing time (s) of handled success cmds.
# TYPE pd_client_cmd_handle_cmds_duration_seconds histogram
pd_client_cmd_handle_cmds_duration_seconds_bucket{type="get_all_stores",le="0.0005"} 0
pd_client_cmd_handle_cmds_duration_seconds_bucket{type="get_all_stores",le="0.001"} 0
pd_client_cmd_handle_cmds_duration_seconds_bucket{type="get_all_stores",le="0.002"} 0
pd_client_cmd_handle_cmds_duration_seconds_bucket{type="get_all_stores",le="0.004"} 0
pd_client_cmd_handle_cmds_duration_seconds_bucket{type="get_all_stores",le="0.008"} 0
pd_client_cmd_handle_cmds_duration_seconds_bucket{type="get_all_stores",le="0.016"} 0
pd_client_cmd_handle_cmds_duration_seconds_bucket{type="get_all_stores",le="0.032"} 0
pd_client_cmd_handle_cmds_duration_seconds_bucket{type="get_all_stores",le="0.064"} 0
pd_client_cmd_handle_cmds_duration_seconds_bucket{type="get_all_stores",le="0.128"} 0
pd_client_cmd_handle_cmds_duration_seconds_bucket{type="get_all_stores",le="0.256"} 0
pd_client_cmd_handle_cmds_duration_seconds_bucket{type="get_all_stores",le="0.512"} 0
pd_client_cmd_handle_cmds_duration_seconds_bucket{type="get_all_stores",le="1.024"} 0
pd_client_cmd_handle_cmds_duration_seconds_bucket{type="get_all_stores",le="2.048"} 0
pd_client_cmd_handle_cmds_duration_seconds_bucket{type="get_all_stores",le="+Inf"} 0
pd_client_cmd_handle_cmds_duration_seconds_sum{type="get_all_stores"} 0
pd_client_cmd_handle_cmds_duration_seconds_count{type="get_all_stores"} 0
pd_client_cmd_handle_cmds_duration_seconds_bucket{type="get_member_info",le="0.0005"} 0
pd_client_cmd_handle_cmds_duration_seconds_bucket{type="get_member_info",le="0.001"} 0
pd_client_cmd_handle_cmds_duration_seconds_bucket{type="get_member_info",le="0.002"} 0
pd_client_cmd_handle_cmds_duration_seconds_bucket{type="get_member_info",le="0.004"} 0
pd_client_cmd_handle_cmds_duration_seconds_bucket{type="get_member_info",le="0.008"} 0
pd_client_cmd_handle_cmds_duration_seconds_bucket{type="get_member_info",le="0.016"} 0
pd_client_cmd_handle_cmds_duration_seconds_bucket{type="get_member_info",le="0.032"} 0
pd_client_cmd_handle_cmds_duration_seconds_bucket{type="get_member_info",le="0.064"} 0
pd_client_cmd_handle_cmds_duration_seconds_bucket{type="get_member_info",le="0.128"} 0
pd_client_cmd_handle_cmds_duration_seconds_bucket{type="get_member_info",le="0.256"} 0
pd_client_cmd_handle_cmds_duration_seconds_bucket{type="get_member_info",le="0.512"} 0
pd_client_cmd_handle_cmds_duration_seconds_bucket{type="get_member_info",le="1.024"} 0
pd_client_cmd_handle_cmds_duration_seconds_bucket{type="get_member_info",le="2.048"} 0
pd_client_cmd_handle_cmds_duration_seconds_bucket{type="get_member_info",le="+Inf"} 0
pd_client_cmd_handle_cmds_duration_seconds_sum{type="get_member_info"} 0
pd_client_cmd_handle_cmds_duration_seconds_count{type="get_member_info"} 0
pd_client_cmd_handle_cmds_duration_seconds_bucket{type="get_operator",le="0.0005"} 0
pd_client_cmd_handle_cmds_duration_seconds_bucket{type="get_operator",le="0.001"} 0
pd_client_cmd_handle_cmds_duration_seconds_bucket{type="get_operator",le="0.002"} 0
pd_client_cmd_handle_cmds_duration_seconds_bucket{type="get_operator",le="0.004"} 0
pd_client_cmd_handle_cmds_duration_seconds_bucket{type="get_operator",le="0.008"} 0
pd_client_cmd_handle_cmds_duration_seconds_bucket{type="get_operator",le="0.016"} 0
pd_client_cmd_handle_cmds_duration_seconds_bucket{type="get_operator",le="0.032"} 0
pd_client_cmd_handle_cmds_duration_seconds_bucket{type="get_operator",le="0.064"} 0
pd_client_cmd_handle_cmds_duration_seconds_bucket{type="get_operator",le="0.128"} 0
pd_client_cmd_handle_cmds_duration_seconds_bucket{type="get_operator",le="0.256"} 0
pd_client_cmd_handle_cmds_duration_seconds_bucket{type="get_operator",le="0.512"} 0
pd_client_cmd_handle_cmds_duration_seconds_bucket{type="get_operator",le="1.024"} 0
pd_client_cmd_handle_cmds_duration_seconds_bucket{type="get_operator",le="2.048"} 0
pd_client_cmd_handle_cmds_duration_seconds_bucket{type="get_operator",le="+Inf"} 0
pd_client_cmd_handle_cmds_duration_seconds_sum{type="get_operator"} 0
pd_client_cmd_handle_cmds_duration_seconds_count{type="get_operator"} 0
pd_client_cmd_handle_cmds_duration_seconds_bucket{type="get_prev_region",le="0.0005"} 0
pd_client_cmd_handle_cmds_duration_seconds_bucket{type="get_prev_region",le="0.001"} 0
pd_client_cmd_handle_cmds_duration_seconds_bucket{type="get_prev_region",le="0.002"} 0
pd_client_cmd_handle_cmds_duration_seconds_bucket{type="get_prev_region",le="0.004"} 0
pd_client_cmd_handle_cmds_duration_seconds_bucket{type="get_prev_region",le="0.008"} 0
pd_client_cmd_handle_cmds_duration_seconds_bucket{type="get_prev_region",le="0.016"} 0
pd_client_cmd_handle_cmds_duration_seconds_bucket{type="get_prev_region",le="0.032"} 0
pd_client_cmd_handle_cmds_duration_seconds_bucket{type="get_prev_region",le="0.064"} 0
pd_client_cmd_handle_cmds_duration_seconds_bucket{type="get_prev_region",le="0.128"} 0
pd_client_cmd_handle_cmds_duration_seconds_bucket{type="get_prev_region",le="0.256"} 0
pd_client_cmd_handle_cmds_duration_seconds_bucket{type="get_prev_region",le="0.512"} 0
pd_client_cmd_handle_cmds_duration_seconds_bucket{type="get_prev_region",le="1.024"} 0
pd_client_cmd_handle_cmds_duration_seconds_bucket{type="get_prev_region",le="2.048"} 0
pd_client_cmd_handle_cmds_duration_seconds_bucket{type="get_prev_region",le="+Inf"} 0
pd_client_cmd_handle_cmds_duration_seconds_sum{type="get_prev_region"} 0
pd_client_cmd_handle_cmds_duration_seconds_count{type="get_prev_region"} 0
pd_client_cmd_handle_cmds_duration_seconds_bucket{type="get_region",le="0.0005"} 0
pd_client_cmd_handle_cmds_duration_seconds_bucket{type="get_region",le="0.001"} 0
pd_client_cmd_handle_cmds_duration_seconds_bucket{type="get_region",le="0.002"} 0
pd_client_cmd_handle_cmds_duration_seconds_bucket{type="get_region",le="0.004"} 0
pd_client_cmd_handle_cmds_duration_seconds_bucket{type="get_region",le="0.008"} 0
pd_client_cmd_handle_cmds_duration_seconds_bucket{type="get_region",le="0.016"} 0
pd_client_cmd_handle_cmds_duration_seconds_bucket{type="get_region",le="0.032"} 0
pd_client_cmd_handle_cmds_duration_seconds_bucket{type="get_region",le="0.064"} 0
pd_client_cmd_handle_cmds_duration_seconds_bucket{type="get_region",le="0.128"} 0
pd_client_cmd_handle_cmds_duration_seconds_bucket{type="get_region",le="0.256"} 0
pd_client_cmd_handle_cmds_duration_seconds_bucket{type="get_region",le="0.512"} 0
pd_client_cmd_handle_cmds_duration_seconds_bucket{type="get_region",le="1.024"} 0
pd_client_cmd_handle_cmds_duration_seconds_bucket{type="get_region",le="2.048"} 0
pd_client_cmd_handle_cmds_duration_seconds_bucket{type="get_region",le="+Inf"} 0
pd_client_cmd_handle_cmds_duration_seconds_sum{type="get_region"} 0
pd_client_cmd_handle_cmds_duration_seconds_count{type="get_region"} 0
pd_client_cmd_handle_cmds_duration_seconds_bucket{type="get_region_byid",le="0.0005"} 0
pd_client_cmd_handle_cmds_duration_seconds_bucket{type="get_region_byid",le="0.001"} 0
pd_client_cmd_handle_cmds_duration_seconds_bucket{type="get_region_byid",le="0.002"} 0
pd_client_cmd_handle_cmds_duration_seconds_bucket{type="get_region_byid",le="0.004"} 0
pd_client_cmd_handle_cmds_duration_seconds_bucket{type="get_region_byid",le="0.008"} 0
pd_client_cmd_handle_cmds_duration_seconds_bucket{type="get_region_byid",le="0.016"} 0
pd_client_cmd_handle_cmds_duration_seconds_bucket{type="get_region_byid",le="0.032"} 0
pd_client_cmd_handle_cmds_duration_seconds_bucket{type="get_region_byid",le="0.064"} 0
pd_client_cmd_handle_cmds_duration_seconds_bucket{type="get_region_byid",le="0.128"} 0
pd_client_cmd_handle_cmds_duration_seconds_bucket{type="get_region_byid",le="0.256"} 0
pd_client_cmd_handle_cmds_duration_seconds_bucket{type="get_region_byid",le="0.512"} 0
pd_client_cmd_handle_cmds_duration_seconds_bucket{type="get_region_byid",le="1.024"} 0
pd_client_cmd_handle_cmds_duration_seconds_bucket{type="get_region_byid",le="2.048"} 0
pd_client_cmd_handle_cmds_duration_seconds_bucket{type="get_region_byid",le="+Inf"} 0
pd_client_cmd_handle_cmds_duration_seconds_sum{type="get_region_byid"} 0
pd_client_cmd_handle_cmds_duration_seconds_count{type="get_region_byid"} 0
pd_client_cmd_handle_cmds_duration_seconds_bucket{type="get_store",le="0.0005"} 0
pd_client_cmd_handle_cmds_duration_seconds_bucket{type="get_store",le="0.001"} 0
pd_client_cmd_handle_cmds_duration_seconds_bucket{type="get_store",le="0.002"} 0
pd_client_cmd_handle_cmds_duration_seconds_bucket{type="get_store",le="0.004"} 0
pd_client_cmd_handle_cmds_duration_seconds_bucket{type="get_store",le="0.008"} 0
pd_client_cmd_handle_cmds_duration_seconds_bucket{type="get_store",le="0.016"} 0
pd_client_cmd_handle_cmds_duration_seconds_bucket{type="get_store",le="0.032"} 0
pd_client_cmd_handle_cmds_duration_seconds_bucket{type="get_store",le="0.064"} 0
pd_client_cmd_handle_cmds_duration_seconds_bucket{type="get_store",le="0.128"} 0
pd_client_cmd_handle_cmds_duration_seconds_bucket{type="get_store",le="0.256"} 0
pd_client_cmd_handle_cmds_duration_seconds_bucket{type="get_store",le="0.512"} 0
pd_client_cmd_handle_cmds_duration_seconds_bucket{type="get_store",le="1.024"} 0
pd_client_cmd_handle_cmds_duration_seconds_bucket{type="get_store",le="2.048"} 0
pd_client_cmd_handle_cmds_duration_seconds_bucket{type="get_store",le="+Inf"} 0
pd_client_cmd_handle_cmds_duration_seconds_sum{type="get_store"} 0
pd_client_cmd_handle_cmds_duration_seconds_count{type="get_store"} 0
pd_client_cmd_handle_cmds_duration_seconds_bucket{type="load_keyspace",le="0.0005"} 0
pd_client_cmd_handle_cmds_duration_seconds_bucket{type="load_keyspace",le="0.001"} 0
pd_client_cmd_handle_cmds_duration_seconds_bucket{type="load_keyspace",le="0.002"} 0
pd_client_cmd_handle_cmds_duration_seconds_bucket{type="load_keyspace",le="0.004"} 0
pd_client_cmd_handle_cmds_duration_seconds_bucket{type="load_keyspace",le="0.008"} 0
pd_client_cmd_handle_cmds_duration_seconds_bucket{type="load_keyspace",le="0.016"} 0
pd_client_cmd_handle_cmds_duration_seconds_bucket{type="load_keyspace",le="0.032"} 0
pd_client_cmd_handle_cmds_duration_seconds_bucket{type="load_keyspace",le="0.064"} 0
pd_client_cmd_handle_cmds_duration_seconds_bucket{type="load_keyspace",le="0.128"} 0
pd_client_cmd_handle_cmds_duration_seconds_bucket{type="load_keyspace",le="0.256"} 0
pd_client_cmd_handle_cmds_duration_seconds_bucket{type="load_keyspace",le="0.512"} 0
pd_client_cmd_handle_cmds_duration_seconds_bucket{type="load_keyspace",le="1.024"} 0
pd_client_cmd_handle_cmds_duration_seconds_bucket{type="load_keyspace",le="2.048"} 0
pd_client_cmd_handle_cmds_duration_seconds_bucket{type="load_keyspace",le="+Inf"} 0
pd_client_cmd_handle_cmds_duration_seconds_sum{type="load_keyspace"} 0
pd_client_cmd_handle_cmds_duration_seconds_count{type="load_keyspace"} 0
pd_client_cmd_handle_cmds_duration_seconds_bucket{type="scan_regions",le="0.0005"} 0
pd_client_cmd_handle_cmds_duration_seconds_bucket{type="scan_regions",le="0.001"} 0
pd_client_cmd_handle_cmds_duration_seconds_bucket{type="scan_regions",le="0.002"} 0
pd_client_cmd_handle_cmds_duration_seconds_bucket{type="scan_regions",le="0.004"} 0
pd_client_cmd_handle_cmds_duration_seconds_bucket{type="scan_regions",le="0.008"} 0
pd_client_cmd_handle_cmds_duration_seconds_bucket{type="scan_regions",le="0.016"} 0
pd_client_cmd_handle_cmds_duration_seconds_bucket{type="scan_regions",le="0.032"} 0
pd_client_cmd_handle_cmds_duration_seconds_bucket{type="scan_regions",le="0.064"} 0
pd_client_cmd_handle_cmds_duration_seconds_bucket{type="scan_regions",le="0.128"} 0
pd_client_cmd_handle_cmds_duration_seconds_bucket{type="scan_regions",le="0.256"} 0
pd_client_cmd_handle_cmds_duration_seconds_bucket{type="scan_regions",le="0.512"} 0
pd_client_cmd_handle_cmds_duration_seconds_bucket{type="scan_regions",le="1.024"} 0
pd_client_cmd_handle_cmds_duration_seconds_bucket{type="scan_regions",le="2.048"} 0
pd_client_cmd_handle_cmds_duration_seconds_bucket{type="scan_regions",le="+Inf"} 0
pd_client_cmd_handle_cmds_duration_seconds_sum{type="scan_regions"} 0
pd_client_cmd_handle_cmds_duration_seconds_count{type="scan_regions"} 0
pd_client_cmd_handle_cmds_duration_seconds_bucket{type="scatter_region",le="0.0005"} 0
pd_client_cmd_handle_cmds_duration_seconds_bucket{type="scatter_region",le="0.001"} 0
pd_client_cmd_handle_cmds_duration_seconds_bucket{type="scatter_region",le="0.002"} 0
pd_client_cmd_handle_cmds_duration_seconds_bucket{type="scatter_region",le="0.004"} 0
pd_client_cmd_handle_cmds_duration_seconds_bucket{type="scatter_region",le="0.008"} 0
pd_client_cmd_handle_cmds_duration_seconds_bucket{type="scatter_region",le="0.016"} 0
pd_client_cmd_handle_cmds_duration_seconds_bucket{type="scatter_region",le="0.032"} 0
pd_client_cmd_handle_cmds_duration_seconds_bucket{type="scatter_region",le="0.064"} 0
pd_client_cmd_handle_cmds_duration_seconds_bucket{type="scatter_region",le="0.128"} 0
pd_client_cmd_handle_cmds_duration_seconds_bucket{type="scatter_region",le="0.256"} 0
pd_client_cmd_handle_cmds_duration_seconds_bucket{type="scatter_region",le="0.512"} 0
pd_client_cmd_handle_cmds_duration_seconds_bucket{type="scatter_region",le="1.024"} 0
pd_client_cmd_handle_cmds_duration_seconds_bucket{type="scatter_region",le="2.048"} 0
pd_client_cmd_handle_cmds_duration_seconds_bucket{type="scatter_region",le="+Inf"} 0
pd_client_cmd_handle_cmds_duration_seconds_sum{type="scatter_region"} 0
pd_client_cmd_handle_cmds_duration_seconds_count{type="scatter_region"} 0
pd_client_cmd_handle_cmds_duration_seconds_bucket{type="scatter_regions",le="0.0005"} 0
pd_client_cmd_handle_cmds_duration_seconds_bucket{type="scatter_regions",le="0.001"} 0
pd_client_cmd_handle_cmds_duration_seconds_bucket{type="scatter_regions",le="0.002"} 0
pd_client_cmd_handle_cmds_duration_seconds_bucket{type="scatter_regions",le="0.004"} 0
pd_client_cmd_handle_cmds_duration_seconds_bucket{type="scatter_regions",le="0.008"} 0
pd_client_cmd_handle_cmds_duration_seconds_bucket{type="scatter_regions",le="0.016"} 0
pd_client_cmd_handle_cmds_duration_seconds_bucket{type="scatter_regions",le="0.032"} 0
pd_client_cmd_handle_cmds_duration_seconds_bucket{type="scatter_regions",le="0.064"} 0
pd_client_cmd_handle_cmds_duration_seconds_bucket{type="scatter_regions",le="0.128"} 0
pd_client_cmd_handle_cmds_duration_seconds_bucket{type="scatter_regions",le="0.256"} 0
pd_client_cmd_handle_cmds_duration_seconds_bucket{type="scatter_regions",le="0.512"} 0
pd_client_cmd_handle_cmds_duration_seconds_bucket{type="scatter_regions",le="1.024"} 0
pd_client_cmd_handle_cmds_duration_seconds_bucket{type="scatter_regions",le="2.048"} 0
pd_client_cmd_handle_cmds_duration_seconds_bucket{type="scatter_regions",le="+Inf"} 0
pd_client_cmd_handle_cmds_duration_seconds_sum{type="scatter_regions"} 0
pd_client_cmd_handle_cmds_duration_seconds_count{type="scatter_regions"} 0
pd_client_cmd_handle_cmds_duration_seconds_bucket{type="split_and_scatter_regions",le="0.0005"} 0
pd_client_cmd_handle_cmds_duration_seconds_bucket{type="split_and_scatter_regions",le="0.001"} 0
pd_client_cmd_handle_cmds_duration_seconds_bucket{type="split_and_scatter_regions",le="0.002"} 0
pd_client_cmd_handle_cmds_duration_seconds_bucket{type="split_and_scatter_regions",le="0.004"} 0
pd_client_cmd_handle_cmds_duration_seconds_bucket{type="split_and_scatter_regions",le="0.008"} 0
pd_client_cmd_handle_cmds_duration_seconds_bucket{type="split_and_scatter_regions",le="0.016"} 0
pd_client_cmd_handle_cmds_duration_seconds_bucket{type="split_and_scatter_regions",le="0.032"} 0
pd_client_cmd_handle_cmds_duration_seconds_bucket{type="split_and_scatter_regions",le="0.064"} 0
pd_client_cmd_handle_cmds_duration_seconds_bucket{type="split_and_scatter_regions",le="0.128"} 0
pd_client_cmd_handle_cmds_duration_seconds_bucket{type="split_and_scatter_regions",le="0.256"} 0
pd_client_cmd_handle_cmds_duration_seconds_bucket{type="split_and_scatter_regions",le="0.512"} 0
pd_client_cmd_handle_cmds_duration_seconds_bucket{type="split_and_scatter_regions",le="1.024"} 0
pd_client_cmd_handle_cmds_duration_seconds_bucket{type="split_and_scatter_regions",le="2.048"} 0
pd_client_cmd_handle_cmds_duration_seconds_bucket{type="split_and_scatter_regions",le="+Inf"} 0
pd_client_cmd_handle_cmds_duration_seconds_sum{type="split_and_scatter_regions"} 0
pd_client_cmd_handle_cmds_duration_seconds_count{type="split_and_scatter_regions"} 0
pd_client_cmd_handle_cmds_duration_seconds_bucket{type="split_regions",le="0.0005"} 0
pd_client_cmd_handle_cmds_duration_seconds_bucket{type="split_regions",le="0.001"} 0
pd_client_cmd_handle_cmds_duration_seconds_bucket{type="split_regions",le="0.002"} 0
pd_client_cmd_handle_cmds_duration_seconds_bucket{type="split_regions",le="0.004"} 0
pd_client_cmd_handle_cmds_duration_seconds_bucket{type="split_regions",le="0.008"} 0
pd_client_cmd_handle_cmds_duration_seconds_bucket{type="split_regions",le="0.016"} 0
pd_client_cmd_handle_cmds_duration_seconds_bucket{type="split_regions",le="0.032"} 0
pd_client_cmd_handle_cmds_duration_seconds_bucket{type="split_regions",le="0.064"} 0
pd_client_cmd_handle_cmds_duration_seconds_bucket{type="split_regions",le="0.128"} 0
pd_client_cmd_handle_cmds_duration_seconds_bucket{type="split_regions",le="0.256"} 0
pd_client_cmd_handle_cmds_duration_seconds_bucket{type="split_regions",le="0.512"} 0
pd_client_cmd_handle_cmds_duration_seconds_bucket{type="split_regions",le="1.024"} 0
pd_client_cmd_handle_cmds_duration_seconds_bucket{type="split_regions",le="2.048"} 0
pd_client_cmd_handle_cmds_duration_seconds_bucket{type="split_regions",le="+Inf"} 0
pd_client_cmd_handle_cmds_duration_seconds_sum{type="split_regions"} 0
pd_client_cmd_handle_cmds_duration_seconds_count{type="split_regions"} 0
pd_client_cmd_handle_cmds_duration_seconds_bucket{type="tso",le="0.0005"} 0
pd_client_cmd_handle_cmds_duration_seconds_bucket{type="tso",le="0.001"} 0
pd_client_cmd_handle_cmds_duration_seconds_bucket{type="tso",le="0.002"} 0
pd_client_cmd_handle_cmds_duration_seconds_bucket{type="tso",le="0.004"} 0
pd_client_cmd_handle_cmds_duration_seconds_bucket{type="tso",le="0.008"} 0
pd_client_cmd_handle_cmds_duration_seconds_bucket{type="tso",le="0.016"} 0
pd_client_cmd_handle_cmds_duration_seconds_bucket{type="tso",le="0.032"} 0
pd_client_cmd_handle_cmds_duration_seconds_bucket{type="tso",le="0.064"} 0
pd_client_cmd_handle_cmds_duration_seconds_bucket{type="tso",le="0.128"} 0
pd_client_cmd_handle_cmds_duration_seconds_bucket{type="tso",le="0.256"} 0
pd_client_cmd_handle_cmds_duration_seconds_bucket{type="tso",le="0.512"} 0
pd_client_cmd_handle_cmds_duration_seconds_bucket{type="tso",le="1.024"} 0
pd_client_cmd_handle_cmds_duration_seconds_bucket{type="tso",le="2.048"} 0
pd_client_cmd_handle_cmds_duration_seconds_bucket{type="tso",le="+Inf"} 0
pd_client_cmd_handle_cmds_duration_seconds_sum{type="tso"} 0
pd_client_cmd_handle_cmds_duration_seconds_count{type="tso"} 0
pd_client_cmd_handle_cmds_duration_seconds_bucket{type="tso_async_wait",le="0.0005"} 0
pd_client_cmd_handle_cmds_duration_seconds_bucket{type="tso_async_wait",le="0.001"} 0
pd_client_cmd_handle_cmds_duration_seconds_bucket{type="tso_async_wait",le="0.002"} 0
pd_client_cmd_handle_cmds_duration_seconds_bucket{type="tso_async_wait",le="0.004"} 0
pd_client_cmd_handle_cmds_duration_seconds_bucket{type="tso_async_wait",le="0.008"} 0
pd_client_cmd_handle_cmds_duration_seconds_bucket{type="tso_async_wait",le="0.016"} 0
pd_client_cmd_handle_cmds_duration_seconds_bucket{type="tso_async_wait",le="0.032"} 0
pd_client_cmd_handle_cmds_duration_seconds_bucket{type="tso_async_wait",le="0.064"} 0
pd_client_cmd_handle_cmds_duration_seconds_bucket{type="tso_async_wait",le="0.128"} 0
pd_client_cmd_handle_cmds_duration_seconds_bucket{type="tso_async_wait",le="0.256"} 0
pd_client_cmd_handle_cmds_duration_seconds_bucket{type="tso_async_wait",le="0.512"} 0
pd_client_cmd_handle_cmds_duration_seconds_bucket{type="tso_async_wait",le="1.024"} 0
pd_client_cmd_handle_cmds_duration_seconds_bucket{type="tso_async_wait",le="2.048"} 0
pd_client_cmd_handle_cmds_duration_seconds_bucket{type="tso_async_wait",le="+Inf"} 0
pd_client_cmd_handle_cmds_duration_seconds_sum{type="tso_async_wait"} 0
pd_client_cmd_handle_cmds_duration_seconds_count{type="tso_async_wait"} 0
pd_client_cmd_handle_cmds_duration_seconds_bucket{type="update_gc_safe_point",le="0.0005"} 0
pd_client_cmd_handle_cmds_duration_seconds_bucket{type="update_gc_safe_point",le="0.001"} 0
pd_client_cmd_handle_cmds_duration_seconds_bucket{type="update_gc_safe_point",le="0.002"} 0
pd_client_cmd_handle_cmds_duration_seconds_bucket{type="update_gc_safe_point",le="0.004"} 0
pd_client_cmd_handle_cmds_duration_seconds_bucket{type="update_gc_safe_point",le="0.008"} 0
pd_client_cmd_handle_cmds_duration_seconds_bucket{type="update_gc_safe_point",le="0.016"} 0
pd_client_cmd_handle_cmds_duration_seconds_bucket{type="update_gc_safe_point",le="0.032"} 0
pd_client_cmd_handle_cmds_duration_seconds_bucket{type="update_gc_safe_point",le="0.064"} 0
pd_client_cmd_handle_cmds_duration_seconds_bucket{type="update_gc_safe_point",le="0.128"} 0
pd_client_cmd_handle_cmds_duration_seconds_bucket{type="update_gc_safe_point",le="0.256"} 0
pd_client_cmd_handle_cmds_duration_seconds_bucket{type="update_gc_safe_point",le="0.512"} 0
pd_client_cmd_handle_cmds_duration_seconds_bucket{type="update_gc_safe_point",le="1.024"} 0
pd_client_cmd_handle_cmds_duration_seconds_bucket{type="update_gc_safe_point",le="2.048"} 0
pd_client_cmd_handle_cmds_duration_seconds_bucket{type="update_gc_safe_point",le="+Inf"} 0
pd_client_cmd_handle_cmds_duration_seconds_sum{type="update_gc_safe_point"} 0
pd_client_cmd_handle_cmds_duration_seconds_count{type="update_gc_safe_point"} 0
pd_client_cmd_handle_cmds_duration_seconds_bucket{type="update_service_gc_safe_point",le="0.0005"} 0
pd_client_cmd_handle_cmds_duration_seconds_bucket{type="update_service_gc_safe_point",le="0.001"} 0
pd_client_cmd_handle_cmds_duration_seconds_bucket{type="update_service_gc_safe_point",le="0.002"} 0
pd_client_cmd_handle_cmds_duration_seconds_bucket{type="update_service_gc_safe_point",le="0.004"} 0
pd_client_cmd_handle_cmds_duration_seconds_bucket{type="update_service_gc_safe_point",le="0.008"} 0
pd_client_cmd_handle_cmds_duration_seconds_bucket{type="update_service_gc_safe_point",le="0.016"} 0
pd_client_cmd_handle_cmds_duration_seconds_bucket{type="update_service_gc_safe_point",le="0.032"} 0
pd_client_cmd_handle_cmds_duration_seconds_bucket{type="update_service_gc_safe_point",le="0.064"} 0
pd_client_cmd_handle_cmds_duration_seconds_bucket{type="update_service_gc_safe_point",le="0.128"} 0
pd_client_cmd_handle_cmds_duration_seconds_bucket{type="update_service_gc_safe_point",le="0.256"} 0
pd_client_cmd_handle_cmds_duration_seconds_bucket{type="update_service_gc_safe_point",le="0.512"} 0
pd_client_cmd_handle_cmds_duration_seconds_bucket{type="update_service_gc_safe_point",le="1.024"} 0
pd_client_cmd_handle_cmds_duration_seconds_bucket{type="update_service_gc_safe_point",le="2.048"} 0
pd_client_cmd_handle_cmds_duration_seconds_bucket{type="update_service_gc_safe_point",le="+Inf"} 0
pd_client_cmd_handle_cmds_duration_seconds_sum{type="update_service_gc_safe_point"} 0
pd_client_cmd_handle_cmds_duration_seconds_count{type="update_service_gc_safe_point"} 0
pd_client_cmd_handle_cmds_duration_seconds_bucket{type="wait",le="0.0005"} 0
pd_client_cmd_handle_cmds_duration_seconds_bucket{type="wait",le="0.001"} 0
pd_client_cmd_handle_cmds_duration_seconds_bucket{type="wait",le="0.002"} 0
pd_client_cmd_handle_cmds_duration_seconds_bucket{type="wait",le="0.004"} 0
pd_client_cmd_handle_cmds_duration_seconds_bucket{type="wait",le="0.008"} 0
pd_client_cmd_handle_cmds_duration_seconds_bucket{type="wait",le="0.016"} 0
pd_client_cmd_handle_cmds_duration_seconds_bucket{type="wait",le="0.032"} 0
pd_client_cmd_handle_cmds_duration_seconds_bucket{type="wait",le="0.064"} 0
pd_client_cmd_handle_cmds_duration_seconds_bucket{type="wait",le="0.128"} 0
pd_client_cmd_handle_cmds_duration_seconds_bucket{type="wait",le="0.256"} 0
pd_client_cmd_handle_cmds_duration_seconds_bucket{type="wait",le="0.512"} 0
pd_client_cmd_handle_cmds_duration_seconds_bucket{type="wait",le="1.024"} 0
pd_client_cmd_handle_cmds_duration_seconds_bucket{type="wait",le="2.048"} 0
pd_client_cmd_handle_cmds_duration_seconds_bucket{type="wait",le="+Inf"} 0
pd_client_cmd_handle_cmds_duration_seconds_sum{type="wait"} 0
pd_client_cmd_handle_cmds_duration_seconds_count{type="wait"} 0
# HELP pd_client_cmd_handle_failed_cmds_duration_seconds Bucketed histogram of processing time (s) of failed handled cmds.
# TYPE pd_client_cmd_handle_failed_cmds_duration_seconds histogram
pd_client_cmd_handle_failed_cmds_duration_seconds_bucket{type="get_all_stores",le="0.0005"} 0
pd_client_cmd_handle_failed_cmds_duration_seconds_bucket{type="get_all_stores",le="0.001"} 0
pd_client_cmd_handle_failed_cmds_duration_seconds_bucket{type="get_all_stores",le="0.002"} 0
pd_client_cmd_handle_failed_cmds_duration_seconds_bucket{type="get_all_stores",le="0.004"} 0
pd_client_cmd_handle_failed_cmds_duration_seconds_bucket{type="get_all_stores",le="0.008"} 0
pd_client_cmd_handle_failed_cmds_duration_seconds_bucket{type="get_all_stores",le="0.016"} 0
pd_client_cmd_handle_failed_cmds_duration_seconds_bucket{type="get_all_stores",le="0.032"} 0
pd_client_cmd_handle_failed_cmds_duration_seconds_bucket{type="get_all_stores",le="0.064"} 0
pd_client_cmd_handle_failed_cmds_duration_seconds_bucket{type="get_all_stores",le="0.128"} 0
pd_client_cmd_handle_failed_cmds_duration_seconds_bucket{type="get_all_stores",le="0.256"} 0
pd_client_cmd_handle_failed_cmds_duration_seconds_bucket{type="get_all_stores",le="0.512"} 0
pd_client_cmd_handle_failed_cmds_duration_seconds_bucket{type="get_all_stores",le="1.024"} 0
pd_client_cmd_handle_failed_cmds_duration_seconds_bucket{type="get_all_stores",le="2.048"} 0
pd_client_cmd_handle_failed_cmds_duration_seconds_bucket{type="get_all_stores",le="+Inf"} 0
pd_client_cmd_handle_failed_cmds_duration_seconds_sum{type="get_all_stores"} 0
pd_client_cmd_handle_failed_cmds_duration_seconds_count{type="get_all_stores"} 0
pd_client_cmd_handle_failed_cmds_duration_seconds_bucket{type="get_member_info",le="0.0005"} 0
pd_client_cmd_handle_failed_cmds_duration_seconds_bucket{type="get_member_info",le="0.001"} 0
pd_client_cmd_handle_failed_cmds_duration_seconds_bucket{type="get_member_info",le="0.002"} 0
pd_client_cmd_handle_failed_cmds_duration_seconds_bucket{type="get_member_info",le="0.004"} 0
pd_client_cmd_handle_failed_cmds_duration_seconds_bucket{type="get_member_info",le="0.008"} 0
pd_client_cmd_handle_failed_cmds_duration_seconds_bucket{type="get_member_info",le="0.016"} 0
pd_client_cmd_handle_failed_cmds_duration_seconds_bucket{type="get_member_info",le="0.032"} 0
pd_client_cmd_handle_failed_cmds_duration_seconds_bucket{type="get_member_info",le="0.064"} 0
pd_client_cmd_handle_failed_cmds_duration_seconds_bucket{type="get_member_info",le="0.128"} 0
pd_client_cmd_handle_failed_cmds_duration_seconds_bucket{type="get_member_info",le="0.256"} 0
pd_client_cmd_handle_failed_cmds_duration_seconds_bucket{type="get_member_info",le="0.512"} 0
pd_client_cmd_handle_failed_cmds_duration_seconds_bucket{type="get_member_info",le="1.024"} 0
pd_client_cmd_handle_failed_cmds_duration_seconds_bucket{type="get_member_info",le="2.048"} 0
pd_client_cmd_handle_failed_cmds_duration_seconds_bucket{type="get_member_info",le="+Inf"} 0
pd_client_cmd_handle_failed_cmds_duration_seconds_sum{type="get_member_info"} 0
pd_client_cmd_handle_failed_cmds_duration_seconds_count{type="get_member_info"} 0
pd_client_cmd_handle_failed_cmds_duration_seconds_bucket{type="get_prev_region",le="0.0005"} 0
pd_client_cmd_handle_failed_cmds_duration_seconds_bucket{type="get_prev_region",le="0.001"} 0
pd_client_cmd_handle_failed_cmds_duration_seconds_bucket{type="get_prev_region",le="0.002"} 0
pd_client_cmd_handle_failed_cmds_duration_seconds_bucket{type="get_prev_region",le="0.004"} 0
pd_client_cmd_handle_failed_cmds_duration_seconds_bucket{type="get_prev_region",le="0.008"} 0
pd_client_cmd_handle_failed_cmds_duration_seconds_bucket{type="get_prev_region",le="0.016"} 0
pd_client_cmd_handle_failed_cmds_duration_seconds_bucket{type="get_prev_region",le="0.032"} 0
pd_client_cmd_handle_failed_cmds_duration_seconds_bucket{type="get_prev_region",le="0.064"} 0
pd_client_cmd_handle_failed_cmds_duration_seconds_bucket{type="get_prev_region",le="0.128"} 0
pd_client_cmd_handle_failed_cmds_duration_seconds_bucket{type="get_prev_region",le="0.256"} 0
pd_client_cmd_handle_failed_cmds_duration_seconds_bucket{type="get_prev_region",le="0.512"} 0
pd_client_cmd_handle_failed_cmds_duration_seconds_bucket{type="get_prev_region",le="1.024"} 0
pd_client_cmd_handle_failed_cmds_duration_seconds_bucket{type="get_prev_region",le="2.048"} 0
pd_client_cmd_handle_failed_cmds_duration_seconds_bucket{type="get_prev_region",le="+Inf"} 0
pd_client_cmd_handle_failed_cmds_duration_seconds_sum{type="get_prev_region"} 0
pd_client_cmd_handle_failed_cmds_duration_seconds_count{type="get_prev_region"} 0
pd_client_cmd_handle_failed_cmds_duration_seconds_bucket{type="get_region",le="0.0005"} 0
pd_client_cmd_handle_failed_cmds_duration_seconds_bucket{type="get_region",le="0.001"} 0
pd_client_cmd_handle_failed_cmds_duration_seconds_bucket{type="get_region",le="0.002"} 0
pd_client_cmd_handle_failed_cmds_duration_seconds_bucket{type="get_region",le="0.004"} 0
pd_client_cmd_handle_failed_cmds_duration_seconds_bucket{type="get_region",le="0.008"} 0
pd_client_cmd_handle_failed_cmds_duration_seconds_bucket{type="get_region",le="0.016"} 0
pd_client_cmd_handle_failed_cmds_duration_seconds_bucket{type="get_region",le="0.032"} 0
pd_client_cmd_handle_failed_cmds_duration_seconds_bucket{type="get_region",le="0.064"} 0
pd_client_cmd_handle_failed_cmds_duration_seconds_bucket{type="get_region",le="0.128"} 0
pd_client_cmd_handle_failed_cmds_duration_seconds_bucket{type="get_region",le="0.256"} 0
pd_client_cmd_handle_failed_cmds_duration_seconds_bucket{type="get_region",le="0.512"} 0
pd_client_cmd_handle_failed_cmds_duration_seconds_bucket{type="get_region",le="1.024"} 0
pd_client_cmd_handle_failed_cmds_duration_seconds_bucket{type="get_region",le="2.048"} 0
pd_client_cmd_handle_failed_cmds_duration_seconds_bucket{type="get_region",le="+Inf"} 0
pd_client_cmd_handle_failed_cmds_duration_seconds_sum{type="get_region"} 0
pd_client_cmd_handle_failed_cmds_duration_seconds_count{type="get_region"} 0
pd_client_cmd_handle_failed_cmds_duration_seconds_bucket{type="get_region_byid",le="0.0005"} 0
pd_client_cmd_handle_failed_cmds_duration_seconds_bucket{type="get_region_byid",le="0.001"} 0
pd_client_cmd_handle_failed_cmds_duration_seconds_bucket{type="get_region_byid",le="0.002"} 0
pd_client_cmd_handle_failed_cmds_duration_seconds_bucket{type="get_region_byid",le="0.004"} 0
pd_client_cmd_handle_failed_cmds_duration_seconds_bucket{type="get_region_byid",le="0.008"} 0
pd_client_cmd_handle_failed_cmds_duration_seconds_bucket{type="get_region_byid",le="0.016"} 0
pd_client_cmd_handle_failed_cmds_duration_seconds_bucket{type="get_region_byid",le="0.032"} 0
pd_client_cmd_handle_failed_cmds_duration_seconds_bucket{type="get_region_byid",le="0.064"} 0
pd_client_cmd_handle_failed_cmds_duration_seconds_bucket{type="get_region_byid",le="0.128"} 0
pd_client_cmd_handle_failed_cmds_duration_seconds_bucket{type="get_region_byid",le="0.256"} 0
pd_client_cmd_handle_failed_cmds_duration_seconds_bucket{type="get_region_byid",le="0.512"} 0
pd_client_cmd_handle_failed_cmds_duration_seconds_bucket{type="get_region_byid",le="1.024"} 0
pd_client_cmd_handle_failed_cmds_duration_seconds_bucket{type="get_region_byid",le="2.048"} 0
pd_client_cmd_handle_failed_cmds_duration_seconds_bucket{type="get_region_byid",le="+Inf"} 0
pd_client_cmd_handle_failed_cmds_duration_seconds_sum{type="get_region_byid"} 0
pd_client_cmd_handle_failed_cmds_duration_seconds_count{type="get_region_byid"} 0
pd_client_cmd_handle_failed_cmds_duration_seconds_bucket{type="get_store",le="0.0005"} 0
pd_client_cmd_handle_failed_cmds_duration_seconds_bucket{type="get_store",le="0.001"} 0
pd_client_cmd_handle_failed_cmds_duration_seconds_bucket{type="get_store",le="0.002"} 0
pd_client_cmd_handle_failed_cmds_duration_seconds_bucket{type="get_store",le="0.004"} 0
pd_client_cmd_handle_failed_cmds_duration_seconds_bucket{type="get_store",le="0.008"} 0
pd_client_cmd_handle_failed_cmds_duration_seconds_bucket{type="get_store",le="0.016"} 0
pd_client_cmd_handle_failed_cmds_duration_seconds_bucket{type="get_store",le="0.032"} 0
pd_client_cmd_handle_failed_cmds_duration_seconds_bucket{type="get_store",le="0.064"} 0
pd_client_cmd_handle_failed_cmds_duration_seconds_bucket{type="get_store",le="0.128"} 0
pd_client_cmd_handle_failed_cmds_duration_seconds_bucket{type="get_store",le="0.256"} 0
pd_client_cmd_handle_failed_cmds_duration_seconds_bucket{type="get_store",le="0.512"} 0
pd_client_cmd_handle_failed_cmds_duration_seconds_bucket{type="get_store",le="1.024"} 0
pd_client_cmd_handle_failed_cmds_duration_seconds_bucket{type="get_store",le="2.048"} 0
pd_client_cmd_handle_failed_cmds_duration_seconds_bucket{type="get_store",le="+Inf"} 0
pd_client_cmd_handle_failed_cmds_duration_seconds_sum{type="get_store"} 0
pd_client_cmd_handle_failed_cmds_duration_seconds_count{type="get_store"} 0
pd_client_cmd_handle_failed_cmds_duration_seconds_bucket{type="scan_regions",le="0.0005"} 0
pd_client_cmd_handle_failed_cmds_duration_seconds_bucket{type="scan_regions",le="0.001"} 0
pd_client_cmd_handle_failed_cmds_duration_seconds_bucket{type="scan_regions",le="0.002"} 0
pd_client_cmd_handle_failed_cmds_duration_seconds_bucket{type="scan_regions",le="0.004"} 0
pd_client_cmd_handle_failed_cmds_duration_seconds_bucket{type="scan_regions",le="0.008"} 0
pd_client_cmd_handle_failed_cmds_duration_seconds_bucket{type="scan_regions",le="0.016"} 0
pd_client_cmd_handle_failed_cmds_duration_seconds_bucket{type="scan_regions",le="0.032"} 0
pd_client_cmd_handle_failed_cmds_duration_seconds_bucket{type="scan_regions",le="0.064"} 0
pd_client_cmd_handle_failed_cmds_duration_seconds_bucket{type="scan_regions",le="0.128"} 0
pd_client_cmd_handle_failed_cmds_duration_seconds_bucket{type="scan_regions",le="0.256"} 0
pd_client_cmd_handle_failed_cmds_duration_seconds_bucket{type="scan_regions",le="0.512"} 0
pd_client_cmd_handle_failed_cmds_duration_seconds_bucket{type="scan_regions",le="1.024"} 0
pd_client_cmd_handle_failed_cmds_duration_seconds_bucket{type="scan_regions",le="2.048"} 0
pd_client_cmd_handle_failed_cmds_duration_seconds_bucket{type="scan_regions",le="+Inf"} 0
pd_client_cmd_handle_failed_cmds_duration_seconds_sum{type="scan_regions"} 0
pd_client_cmd_handle_failed_cmds_duration_seconds_count{type="scan_regions"} 0
pd_client_cmd_handle_failed_cmds_duration_seconds_bucket{type="tso",le="0.0005"} 0
pd_client_cmd_handle_failed_cmds_duration_seconds_bucket{type="tso",le="0.001"} 0
pd_client_cmd_handle_failed_cmds_duration_seconds_bucket{type="tso",le="0.002"} 0
pd_client_cmd_handle_failed_cmds_duration_seconds_bucket{type="tso",le="0.004"} 0
pd_client_cmd_handle_failed_cmds_duration_seconds_bucket{type="tso",le="0.008"} 0
pd_client_cmd_handle_failed_cmds_duration_seconds_bucket{type="tso",le="0.016"} 0
pd_client_cmd_handle_failed_cmds_duration_seconds_bucket{type="tso",le="0.032"} 0
pd_client_cmd_handle_failed_cmds_duration_seconds_bucket{type="tso",le="0.064"} 0
pd_client_cmd_handle_failed_cmds_duration_seconds_bucket{type="tso",le="0.128"} 0
pd_client_cmd_handle_failed_cmds_duration_seconds_bucket{type="tso",le="0.256"} 0
pd_client_cmd_handle_failed_cmds_duration_seconds_bucket{type="tso",le="0.512"} 0
pd_client_cmd_handle_failed_cmds_duration_seconds_bucket{type="tso",le="1.024"} 0
pd_client_cmd_handle_failed_cmds_duration_seconds_bucket{type="tso",le="2.048"} 0
pd_client_cmd_handle_failed_cmds_duration_seconds_bucket{type="tso",le="+Inf"} 0
pd_client_cmd_handle_failed_cmds_duration_seconds_sum{type="tso"} 0
pd_client_cmd_handle_failed_cmds_duration_seconds_count{type="tso"} 0
pd_client_cmd_handle_failed_cmds_duration_seconds_bucket{type="update_gc_safe_point",le="0.0005"} 0
pd_client_cmd_handle_failed_cmds_duration_seconds_bucket{type="update_gc_safe_point",le="0.001"} 0
pd_client_cmd_handle_failed_cmds_duration_seconds_bucket{type="update_gc_safe_point",le="0.002"} 0
pd_client_cmd_handle_failed_cmds_duration_seconds_bucket{type="update_gc_safe_point",le="0.004"} 0
pd_client_cmd_handle_failed_cmds_duration_seconds_bucket{type="update_gc_safe_point",le="0.008"} 0
pd_client_cmd_handle_failed_cmds_duration_seconds_bucket{type="update_gc_safe_point",le="0.016"} 0
pd_client_cmd_handle_failed_cmds_duration_seconds_bucket{type="update_gc_safe_point",le="0.032"} 0
pd_client_cmd_handle_failed_cmds_duration_seconds_bucket{type="update_gc_safe_point",le="0.064"} 0
pd_client_cmd_handle_failed_cmds_duration_seconds_bucket{type="update_gc_safe_point",le="0.128"} 0
pd_client_cmd_handle_failed_cmds_duration_seconds_bucket{type="update_gc_safe_point",le="0.256"} 0
pd_client_cmd_handle_failed_cmds_duration_seconds_bucket{type="update_gc_safe_point",le="0.512"} 0
pd_client_cmd_handle_failed_cmds_duration_seconds_bucket{type="update_gc_safe_point",le="1.024"} 0
pd_client_cmd_handle_failed_cmds_duration_seconds_bucket{type="update_gc_safe_point",le="2.048"} 0
pd_client_cmd_handle_failed_cmds_duration_seconds_bucket{type="update_gc_safe_point",le="+Inf"} 0
pd_client_cmd_handle_failed_cmds_duration_seconds_sum{type="update_gc_safe_point"} 0
pd_client_cmd_handle_failed_cmds_duration_seconds_count{type="update_gc_safe_point"} 0
pd_client_cmd_handle_failed_cmds_duration_seconds_bucket{type="update_service_gc_safe_point",le="0.0005"} 0
pd_client_cmd_handle_failed_cmds_duration_seconds_bucket{type="update_service_gc_safe_point",le="0.001"} 0
pd_client_cmd_handle_failed_cmds_duration_seconds_bucket{type="update_service_gc_safe_point",le="0.002"} 0
pd_client_cmd_handle_failed_cmds_duration_seconds_bucket{type="update_service_gc_safe_point",le="0.004"} 0
pd_client_cmd_handle_failed_cmds_duration_seconds_bucket{type="update_service_gc_safe_point",le="0.008"} 0
pd_client_cmd_handle_failed_cmds_duration_seconds_bucket{type="update_service_gc_safe_point",le="0.016"} 0
pd_client_cmd_handle_failed_cmds_duration_seconds_bucket{type="update_service_gc_safe_point",le="0.032"} 0
pd_client_cmd_handle_failed_cmds_duration_seconds_bucket{type="update_service_gc_safe_point",le="0.064"} 0
pd_client_cmd_handle_failed_cmds_duration_seconds_bucket{type="update_service_gc_safe_point",le="0.128"} 0
pd_client_cmd_handle_failed_cmds_duration_seconds_bucket{type="update_service_gc_safe_point",le="0.256"} 0
pd_client_cmd_handle_failed_cmds_duration_seconds_bucket{type="update_service_gc_safe_point",le="0.512"} 0
pd_client_cmd_handle_failed_cmds_duration_seconds_bucket{type="update_service_gc_safe_point",le="1.024"} 0
pd_client_cmd_handle_failed_cmds_duration_seconds_bucket{type="update_service_gc_safe_point",le="2.048"} 0
pd_client_cmd_handle_failed_cmds_duration_seconds_bucket{type="update_service_gc_safe_point",le="+Inf"} 0
pd_client_cmd_handle_failed_cmds_duration_seconds_sum{type="update_service_gc_safe_point"} 0
pd_client_cmd_handle_failed_cmds_duration_seconds_count{type="update_service_gc_safe_point"} 0
# HELP pd_client_request_handle_requests_duration_seconds Bucketed histogram of processing time (s) of handled requests.
# TYPE pd_client_request_handle_requests_duration_seconds histogram
pd_client_request_handle_requests_duration_seconds_bucket{type="tso",le="0.0005"} 0
pd_client_request_handle_requests_duration_seconds_bucket{type="tso",le="0.001"} 0
pd_client_request_handle_requests_duration_seconds_bucket{type="tso",le="0.002"} 0
pd_client_request_handle_requests_duration_seconds_bucket{type="tso",le="0.004"} 0
pd_client_request_handle_requests_duration_seconds_bucket{type="tso",le="0.008"} 0
pd_client_request_handle_requests_duration_seconds_bucket{type="tso",le="0.016"} 0
pd_client_request_handle_requests_duration_seconds_bucket{type="tso",le="0.032"} 0
pd_client_request_handle_requests_duration_seconds_bucket{type="tso",le="0.064"} 0
pd_client_request_handle_requests_duration_seconds_bucket{type="tso",le="0.128"} 0
pd_client_request_handle_requests_duration_seconds_bucket{type="tso",le="0.256"} 0
pd_client_request_handle_requests_duration_seconds_bucket{type="tso",le="0.512"} 0
pd_client_request_handle_requests_duration_seconds_bucket{type="tso",le="1.024"} 0
pd_client_request_handle_requests_duration_seconds_bucket{type="tso",le="2.048"} 0
pd_client_request_handle_requests_duration_seconds_bucket{type="tso",le="+Inf"} 0
pd_client_request_handle_requests_duration_seconds_sum{type="tso"} 0
pd_client_request_handle_requests_duration_seconds_count{type="tso"} 0
# HELP pd_client_request_handle_tso_batch_size Bucketed histogram of the batch size of handled requests.
# TYPE pd_client_request_handle_tso_batch_size histogram
pd_client_request_handle_tso_batch_size_bucket{le="1"} 0
pd_client_request_handle_tso_batch_size_bucket{le="2"} 0
pd_client_request_handle_tso_batch_size_bucket{le="4"} 0
pd_client_request_handle_tso_batch_size_bucket{le="8"} 0
pd_client_request_handle_tso_batch_size_bucket{le="10"} 0
pd_client_request_handle_tso_batch_size_bucket{le="14"} 0
pd_client_request_handle_tso_batch_size_bucket{le="18"} 0
pd_client_request_handle_tso_batch_size_bucket{le="22"} 0
pd_client_request_handle_tso_batch_size_bucket{le="26"} 0
pd_client_request_handle_tso_batch_size_bucket{le="30"} 0
pd_client_request_handle_tso_batch_size_bucket{le="35"} 0
pd_client_request_handle_tso_batch_size_bucket{le="40"} 0
pd_client_request_handle_tso_batch_size_bucket{le="45"} 0
pd_client_request_handle_tso_batch_size_bucket{le="50"} 0
pd_client_request_handle_tso_batch_size_bucket{le="60"} 0
pd_client_request_handle_tso_batch_size_bucket{le="70"} 0
pd_client_request_handle_tso_batch_size_bucket{le="80"} 0
pd_client_request_handle_tso_batch_size_bucket{le="90"} 0
pd_client_request_handle_tso_batch_size_bucket{le="100"} 0
pd_client_request_handle_tso_batch_size_bucket{le="110"} 0
pd_client_request_handle_tso_batch_size_bucket{le="120"} 0
pd_client_request_handle_tso_batch_size_bucket{le="140"} 0
pd_client_request_handle_tso_batch_size_bucket{le="160"} 0
pd_client_request_handle_tso_batch_size_bucket{le="180"} 0
pd_client_request_handle_tso_batch_size_bucket{le="200"} 0
pd_client_request_handle_tso_batch_size_bucket{le="500"} 0
pd_client_request_handle_tso_batch_size_bucket{le="1000"} 0
pd_client_request_handle_tso_batch_size_bucket{le="+Inf"} 0
pd_client_request_handle_tso_batch_size_sum 0
pd_client_request_handle_tso_batch_size_count 0
# HELP pd_client_request_handle_tso_best_batch_size Bucketed histogram of the best batch size of handled requests.
# TYPE pd_client_request_handle_tso_best_batch_size histogram
pd_client_request_handle_tso_best_batch_size_bucket{le="1"} 0
pd_client_request_handle_tso_best_batch_size_bucket{le="2"} 0
pd_client_request_handle_tso_best_batch_size_bucket{le="4"} 0
pd_client_request_handle_tso_best_batch_size_bucket{le="8"} 0
pd_client_request_handle_tso_best_batch_size_bucket{le="16"} 0
pd_client_request_handle_tso_best_batch_size_bucket{le="32"} 0
pd_client_request_handle_tso_best_batch_size_bucket{le="64"} 0
pd_client_request_handle_tso_best_batch_size_bucket{le="128"} 0
pd_client_request_handle_tso_best_batch_size_bucket{le="256"} 0
pd_client_request_handle_tso_best_batch_size_bucket{le="512"} 0
pd_client_request_handle_tso_best_batch_size_bucket{le="1024"} 0
pd_client_request_handle_tso_best_batch_size_bucket{le="2048"} 0
pd_client_request_handle_tso_best_batch_size_bucket{le="4096"} 0
pd_client_request_handle_tso_best_batch_size_bucket{le="+Inf"} 0
pd_client_request_handle_tso_best_batch_size_sum 0
pd_client_request_handle_tso_best_batch_size_count 0
# HELP pd_client_request_tso_batch_send_latency tso batch send latency
# TYPE pd_client_request_tso_batch_send_latency histogram
pd_client_request_tso_batch_send_latency_bucket{le="1"} 0
pd_client_request_tso_batch_send_latency_bucket{le="2"} 0
pd_client_request_tso_batch_send_latency_bucket{le="4"} 0
pd_client_request_tso_batch_send_latency_bucket{le="8"} 0
pd_client_request_tso_batch_send_latency_bucket{le="16"} 0
pd_client_request_tso_batch_send_latency_bucket{le="32"} 0
pd_client_request_tso_batch_send_latency_bucket{le="64"} 0
pd_client_request_tso_batch_send_latency_bucket{le="128"} 0
pd_client_request_tso_batch_send_latency_bucket{le="256"} 0
pd_client_request_tso_batch_send_latency_bucket{le="512"} 0
pd_client_request_tso_batch_send_latency_bucket{le="1024"} 0
pd_client_request_tso_batch_send_latency_bucket{le="2048"} 0
pd_client_request_tso_batch_send_latency_bucket{le="4096"} 0
pd_client_request_tso_batch_send_latency_bucket{le="8192"} 0
pd_client_request_tso_batch_send_latency_bucket{le="16384"} 0
pd_client_request_tso_batch_send_latency_bucket{le="32768"} 0
pd_client_request_tso_batch_send_latency_bucket{le="65536"} 0
pd_client_request_tso_batch_send_latency_bucket{le="131072"} 0
pd_client_request_tso_batch_send_latency_bucket{le="262144"} 0
pd_client_request_tso_batch_send_latency_bucket{le="524288"} 0
pd_client_request_tso_batch_send_latency_bucket{le="1.048576e+06"} 0
pd_client_request_tso_batch_send_latency_bucket{le="2.097152e+06"} 0
pd_client_request_tso_batch_send_latency_bucket{le="4.194304e+06"} 0
pd_client_request_tso_batch_send_latency_bucket{le="8.388608e+06"} 0
pd_client_request_tso_batch_send_latency_bucket{le="1.6777216e+07"} 0
pd_client_request_tso_batch_send_latency_bucket{le="3.3554432e+07"} 0
pd_client_request_tso_batch_send_latency_bucket{le="6.7108864e+07"} 0
pd_client_request_tso_batch_send_latency_bucket{le="1.34217728e+08"} 0
pd_client_request_tso_batch_send_latency_bucket{le="2.68435456e+08"} 0
pd_client_request_tso_batch_send_latency_bucket{le="5.36870912e+08"} 0
pd_client_request_tso_batch_send_latency_bucket{le="1.073741824e+09"} 0
pd_client_request_tso_batch_send_latency_bucket{le="2.147483648e+09"} 0
pd_client_request_tso_batch_send_latency_bucket{le="4.294967296e+09"} 0
pd_client_request_tso_batch_send_latency_bucket{le="8.589934592e+09"} 0
pd_client_request_tso_batch_send_latency_bucket{le="+Inf"} 0
pd_client_request_tso_batch_send_latency_sum 0
pd_client_request_tso_batch_send_latency_count 0
# HELP process_cpu_seconds_total Total user and system CPU time spent in seconds.
# TYPE process_cpu_seconds_total counter
process_cpu_seconds_total 0.03
# HELP process_max_fds Maximum number of open file descriptors.
# TYPE process_max_fds gauge
process_max_fds 4096
# HELP process_open_fds Number of open file descriptors.
# TYPE process_open_fds gauge
process_open_fds 16
# HELP process_resident_memory_bytes Resident memory size in bytes.
# TYPE process_resident_memory_bytes gauge
process_resident_memory_bytes 2.6509312e+07
# HELP process_start_time_seconds Start time of the process since unix epoch in seconds.
# TYPE process_start_time_seconds gauge
process_start_time_seconds 1.67520905744e+09
# HELP process_virtual_memory_bytes Virtual memory size in bytes.
# TYPE process_virtual_memory_bytes gauge
process_virtual_memory_bytes 1.424355328e+09
# HELP process_virtual_memory_max_bytes Maximum amount of virtual memory available in bytes.
# TYPE process_virtual_memory_max_bytes gauge
process_virtual_memory_max_bytes 1.8446744073709552e+19
# HELP promhttp_metric_handler_requests_in_flight Current number of scrapes being served.
# TYPE promhttp_metric_handler_requests_in_flight gauge
promhttp_metric_handler_requests_in_flight 1
# HELP promhttp_metric_handler_requests_total Total number of scrapes by HTTP status code.
# TYPE promhttp_metric_handler_requests_total counter
promhttp_metric_handler_requests_total{code="200"} 0
promhttp_metric_handler_requests_total{code="500"} 0
promhttp_metric_handler_requests_total{code="503"} 0
